<?xml version="1.0" encoding="UTF-8"?>
<!-- Generated by org.testng.reporters.JUnitReportReporter -->
<testsuite hostname="admin-PC" name="crossAsyst.TestCase.TestCase1" tests="1" failures="0" timestamp="18 May 2020 09:16:36 GMT" time="98.271" errors="0">
  <testcase name="TC_WomenPurchase" time="98.271" classname="crossAsyst.TestCase.TestCase1"/>
</testsuite> <!-- crossAsyst.TestCase.TestCase1 -->
